211  [main] DEBUG org.testng.TestNG - suiteXmlPath: "/Users/anastasiiahontsova/Library/Caches/JetBrains/IdeaIC2022.1/temp-testng-customsuite.xml"
323  [main] DEBUG org.testng.internal.Graph - [Graph] ADDING NODE PhoneBookContactsPageTests.loginUserSetUp()[pri:0, instance:null] -1767480189
323  [main] DEBUG org.testng.internal.Graph - [Graph]   ADDING PREDECESSOR FOR PhoneBookContactsPageTests.loginUserSetUp()[pri:0, instance:null] ==> TestBase.setUp()[pri:0, instance:null]
323  [main] DEBUG org.testng.internal.Graph - [Graph]   REMOVED TestBase.setUp()[pri:0, instance:null] FROM INDEPENDENT OBJECTS
323  [main] DEBUG org.testng.internal.Graph - [Graph]   ADDING PREDECESSOR FOR PhoneBookContactsPageTests.loginUserSetUp()[pri:0, instance:null] ==> TestBase.setBeforeTestLogger(java.lang.reflect.Method)[pri:0, instance:null]
323  [main] DEBUG org.testng.internal.Graph - [Graph]   REMOVED TestBase.setBeforeTestLogger(java.lang.reflect.Method)[pri:0, instance:null] FROM INDEPENDENT OBJECTS
323  [main] DEBUG org.testng.internal.Graph - [Graph] ADDING NODE TestBase.setUp()[pri:0, instance:null] -554436972
323  [main] DEBUG org.testng.internal.Graph - [Graph] ADDING NODE TestBase.setBeforeTestLogger(java.lang.reflect.Method)[pri:0, instance:null] -1490602262
324  [main] DEBUG org.testng.internal.Graph - [Graph] ================ SORTING
326  [ForkJoinPool.commonPool-worker-3] DEBUG org.testng.internal.Graph - [Graph]   ADDING PREDECESSOR FOR PhoneBookContactsPageTests.loginUserSetUp()[pri:0, instance:null] ==> TestBase.setUp()[pri:0, instance:null]
326  [ForkJoinPool.commonPool-worker-3] DEBUG org.testng.internal.Graph - [Graph]   ADDING PREDECESSOR FOR PhoneBookContactsPageTests.loginUserSetUp()[pri:0, instance:null] ==> TestBase.setBeforeTestLogger(java.lang.reflect.Method)[pri:0, instance:null]
327  [main] DEBUG org.testng.internal.Graph - [Graph]   REMOVED PRED TestBase.setBeforeTestLogger(java.lang.reflect.Method)[pri:0, instance:null] FROM NODE PhoneBookContactsPageTests.loginUserSetUp()[pri:0, instance:null]
327  [main] DEBUG org.testng.internal.Graph - [Graph]   REMOVED PRED TestBase.setUp()[pri:0, instance:null] FROM NODE PhoneBookContactsPageTests.loginUserSetUp()[pri:0, instance:null]
327  [main] DEBUG org.testng.internal.Graph - [Graph] =============== DONE SORTING
327  [main] DEBUG org.testng.internal.Graph - [Graph] ====== SORTED NODES
328  [main] DEBUG org.testng.internal.Graph - [Graph]               TestBase.setBeforeTestLogger(java.lang.reflect.Method)[pri:0, instance:null]
328  [main] DEBUG org.testng.internal.Graph - [Graph]               TestBase.setUp()[pri:0, instance:null]
328  [main] DEBUG org.testng.internal.Graph - [Graph]               PhoneBookContactsPageTests.loginUserSetUp()[pri:0, instance:null]
328  [main] DEBUG org.testng.internal.Graph - [Graph] ====== END SORTED NODES
330  [main] DEBUG org.testng.internal.Graph - [Graph] ADDING NODE TestBase.tearDown(org.testng.ITestResult)[pri:0, instance:null] 1153243883
330  [main] DEBUG org.testng.internal.Graph - [Graph] ADDING NODE TestBase.setAfterTestLogger(java.lang.reflect.Method)[pri:0, instance:null] -1176413645
330  [main] DEBUG org.testng.internal.Graph - [Graph] ================ SORTING
330  [main] DEBUG org.testng.internal.Graph - [Graph] =============== DONE SORTING
330  [main] DEBUG org.testng.internal.Graph - [Graph] ====== SORTED NODES
330  [main] DEBUG org.testng.internal.Graph - [Graph] ====== END SORTED NODES
332  [main] DEBUG org.testng.internal.Graph - [Graph] ADDING NODE PhoneBookContactsPageTests.testAddAndRemoveContactPositiveFromFile(com.telran.hontsova.homework.phonebook.model.Contact)[pri:0, instance:com.telran.hontsova.homework.phonebook.tests.PhoneBookContactsPageTests@6c372fe6] 365270633
332  [main] DEBUG org.testng.internal.Graph - [Graph] ================ SORTING
332  [main] DEBUG org.testng.internal.Graph - [Graph] =============== DONE SORTING
332  [main] DEBUG org.testng.internal.Graph - [Graph] ====== SORTED NODES
332  [main] DEBUG org.testng.internal.Graph - [Graph] ====== END SORTED NODES
334  [main] INFO  org.testng.internal.Utils - [TestNG] Running:
  /Users/anastasiiahontsova/Library/Caches/JetBrains/IdeaIC2022.1/temp-testng-customsuite.xml

362  [main] INFO  c.t.h.h.phonebook.fw.TestBase - Start test by Anastasiia.
2453 [main] INFO  c.t.h.h.phonebook.fw.MyListener - Trying to find element by locator:By.cssSelector: .login_login__3EHKB input:nth-child(1)
2464 [main] INFO  c.t.h.h.phonebook.fw.MyListener - Found element by locatorBy.cssSelector: .login_login__3EHKB input:nth-child(1)
2554 [main] INFO  c.t.h.h.phonebook.fw.MyListener - Trying to find element by locator:By.cssSelector: .login_login__3EHKB input:nth-child(2)
2560 [main] INFO  c.t.h.h.phonebook.fw.MyListener - Found element by locatorBy.cssSelector: .login_login__3EHKB input:nth-child(2)
2603 [main] INFO  c.t.h.h.phonebook.fw.MyListener - Trying to find element by locator:By.xpath: //button[contains(text(), 'Login')]
2613 [main] INFO  c.t.h.h.phonebook.fw.MyListener - Found element by locatorBy.xpath: //button[contains(text(), 'Login')]
2631 [main] INFO  c.t.h.h.phonebook.fw.MyListener - Trying to find element by locator:By.cssSelector: button:nth-child(4)
4672 [main] INFO  c.t.h.h.phonebook.fw.MyListener - Found element by locatorBy.cssSelector: button:nth-child(4)
4985 [main] INFO  c.t.h.h.phonebook.fw.MyListener - Trying to find element by locator:By.xpath: //input[@placeholder='Name']
8022 [main] DEBUG c.t.h.h.phonebook.fw.MyListener - Exception caught!no such element: Unable to locate element: {"method":"xpath","selector":"//input[@placeholder='Name']"}
  (Session info: chrome=106.0.5249.103)
For documentation on this error, please visit: https://www.seleniumhq.org/exceptions/no_such_element.html
Build info: version: '3.141.59', revision: 'e82be7d358', time: '2018-11-14T08:17:03'
System info: host: 'Air-Anastasiia.lan', ip: '2a0d:6fc2:5de0:6300:4c21:76c1:ac67:808c%en0', os.name: 'Mac OS X', os.arch: 'aarch64', os.version: '12.2.1', java.version: '11.0.16.1'
Driver info: org.openqa.selenium.chrome.ChromeDriver
Capabilities {acceptInsecureCerts: false, browserName: chrome, browserVersion: 106.0.5249.103, chrome: {chromedriverVersion: 105.0.5195.52 (412c95e51883..., userDataDir: /var/folders/pr/8l5_p8qj0h7...}, goog:chromeOptions: {debuggerAddress: localhost:49315}, javascriptEnabled: true, networkConnectionEnabled: false, pageLoadStrategy: normal, platform: MAC, platformName: MAC, proxy: Proxy(), setWindowRect: true, strictFileInteractability: false, timeouts: {implicit: 0, pageLoad: 300000, script: 30000}, unhandledPromptBehavior: dismiss and notify, webauthn:extension:credBlob: true, webauthn:extension:largeBlob: true, webauthn:virtualAuthenticators: true}
Session ID: dfa1b3b707e7587f1b33f201ef60f87a
*** Element info: {Using=xpath, value=//input[@placeholder='Name']}
8022 [main] DEBUG c.t.h.h.phonebook.fw.MyListener - org.openqa.selenium.NoSuchElementException: no such element: Unable to locate element: {"method":"xpath","selector":"//input[@placeholder='Name']"}
  (Session info: chrome=106.0.5249.103)
For documentation on this error, please visit: https://www.seleniumhq.org/exceptions/no_such_element.html
Build info: version: '3.141.59', revision: 'e82be7d358', time: '2018-11-14T08:17:03'
System info: host: 'Air-Anastasiia.lan', ip: '2a0d:6fc2:5de0:6300:4c21:76c1:ac67:808c%en0', os.name: 'Mac OS X', os.arch: 'aarch64', os.version: '12.2.1', java.version: '11.0.16.1'
Driver info: org.openqa.selenium.chrome.ChromeDriver
Capabilities {acceptInsecureCerts: false, browserName: chrome, browserVersion: 106.0.5249.103, chrome: {chromedriverVersion: 105.0.5195.52 (412c95e51883..., userDataDir: /var/folders/pr/8l5_p8qj0h7...}, goog:chromeOptions: {debuggerAddress: localhost:49315}, javascriptEnabled: true, networkConnectionEnabled: false, pageLoadStrategy: normal, platform: MAC, platformName: MAC, proxy: Proxy(), setWindowRect: true, strictFileInteractability: false, timeouts: {implicit: 0, pageLoad: 300000, script: 30000}, unhandledPromptBehavior: dismiss and notify, webauthn:extension:credBlob: true, webauthn:extension:largeBlob: true, webauthn:virtualAuthenticators: true}
Session ID: dfa1b3b707e7587f1b33f201ef60f87a
*** Element info: {Using=xpath, value=//input[@placeholder='Name']}
8028 [main] INFO  c.t.h.h.phonebook.fw.TestBase - Stop testtestAddAndRemoveContactPositiveFromFileby Anastasiia.
9672 [main] INFO  c.t.h.h.phonebook.fw.TestBase - Start test by Anastasiia.
11236 [main] INFO  c.t.h.h.phonebook.fw.MyListener - Trying to find element by locator:By.cssSelector: .login_login__3EHKB input:nth-child(1)
11245 [main] INFO  c.t.h.h.phonebook.fw.MyListener - Found element by locatorBy.cssSelector: .login_login__3EHKB input:nth-child(1)
11315 [main] INFO  c.t.h.h.phonebook.fw.MyListener - Trying to find element by locator:By.cssSelector: .login_login__3EHKB input:nth-child(2)
11323 [main] INFO  c.t.h.h.phonebook.fw.MyListener - Found element by locatorBy.cssSelector: .login_login__3EHKB input:nth-child(2)
11364 [main] INFO  c.t.h.h.phonebook.fw.MyListener - Trying to find element by locator:By.xpath: //button[contains(text(), 'Login')]
11371 [main] INFO  c.t.h.h.phonebook.fw.MyListener - Found element by locatorBy.xpath: //button[contains(text(), 'Login')]
11388 [main] INFO  c.t.h.h.phonebook.fw.MyListener - Trying to find element by locator:By.cssSelector: button:nth-child(4)
13438 [main] INFO  c.t.h.h.phonebook.fw.MyListener - Found element by locatorBy.cssSelector: button:nth-child(4)
13621 [main] INFO  c.t.h.h.phonebook.fw.MyListener - Trying to find element by locator:By.xpath: //input[@placeholder='Name']
16641 [main] DEBUG c.t.h.h.phonebook.fw.MyListener - Exception caught!no such element: Unable to locate element: {"method":"xpath","selector":"//input[@placeholder='Name']"}
  (Session info: chrome=106.0.5249.103)
For documentation on this error, please visit: https://www.seleniumhq.org/exceptions/no_such_element.html
Build info: version: '3.141.59', revision: 'e82be7d358', time: '2018-11-14T08:17:03'
System info: host: 'Air-Anastasiia.lan', ip: '2a0d:6fc2:5de0:6300:4c21:76c1:ac67:808c%en0', os.name: 'Mac OS X', os.arch: 'aarch64', os.version: '12.2.1', java.version: '11.0.16.1'
Driver info: org.openqa.selenium.chrome.ChromeDriver
Capabilities {acceptInsecureCerts: false, browserName: chrome, browserVersion: 106.0.5249.103, chrome: {chromedriverVersion: 105.0.5195.52 (412c95e51883..., userDataDir: /var/folders/pr/8l5_p8qj0h7...}, goog:chromeOptions: {debuggerAddress: localhost:49363}, javascriptEnabled: true, networkConnectionEnabled: false, pageLoadStrategy: normal, platform: MAC, platformName: MAC, proxy: Proxy(), setWindowRect: true, strictFileInteractability: false, timeouts: {implicit: 0, pageLoad: 300000, script: 30000}, unhandledPromptBehavior: dismiss and notify, webauthn:extension:credBlob: true, webauthn:extension:largeBlob: true, webauthn:virtualAuthenticators: true}
Session ID: fa919f0723989f2b03542acd688b4b4f
*** Element info: {Using=xpath, value=//input[@placeholder='Name']}
16641 [main] DEBUG c.t.h.h.phonebook.fw.MyListener - org.openqa.selenium.NoSuchElementException: no such element: Unable to locate element: {"method":"xpath","selector":"//input[@placeholder='Name']"}
  (Session info: chrome=106.0.5249.103)
For documentation on this error, please visit: https://www.seleniumhq.org/exceptions/no_such_element.html
Build info: version: '3.141.59', revision: 'e82be7d358', time: '2018-11-14T08:17:03'
System info: host: 'Air-Anastasiia.lan', ip: '2a0d:6fc2:5de0:6300:4c21:76c1:ac67:808c%en0', os.name: 'Mac OS X', os.arch: 'aarch64', os.version: '12.2.1', java.version: '11.0.16.1'
Driver info: org.openqa.selenium.chrome.ChromeDriver
Capabilities {acceptInsecureCerts: false, browserName: chrome, browserVersion: 106.0.5249.103, chrome: {chromedriverVersion: 105.0.5195.52 (412c95e51883..., userDataDir: /var/folders/pr/8l5_p8qj0h7...}, goog:chromeOptions: {debuggerAddress: localhost:49363}, javascriptEnabled: true, networkConnectionEnabled: false, pageLoadStrategy: normal, platform: MAC, platformName: MAC, proxy: Proxy(), setWindowRect: true, strictFileInteractability: false, timeouts: {implicit: 0, pageLoad: 300000, script: 30000}, unhandledPromptBehavior: dismiss and notify, webauthn:extension:credBlob: true, webauthn:extension:largeBlob: true, webauthn:virtualAuthenticators: true}
Session ID: fa919f0723989f2b03542acd688b4b4f
*** Element info: {Using=xpath, value=//input[@placeholder='Name']}
16644 [main] INFO  c.t.h.h.phonebook.fw.TestBase - Stop testtestAddAndRemoveContactPositiveFromFileby Anastasiia.
